<?xml version="1.0" encoding="UTF-8"?>
<!-- Generated by org.testng.reporters.JUnitReportReporter -->
<testsuite skipped="0" hostname="MSPS-AUTO-041" name="TestCases.NewTest" tests="1" failures="0" timestamp="2019-12-30T16:56:27 IST" time="14.164" errors="0">
  <testcase name="f" time="14.164" classname="TestCases.NewTest"/>
</testsuite> <!-- TestCases.NewTest -->
